This is pdfTeX, Version 3.14159265-2.6-1.40.19 (TeX Live 2018) (preloaded format=pdflatex 2019.1.4)  11 JUN 2019 21:20
entering extended mode
 restricted \write18 enabled.
 file:line:error style messages enabled.
 %&-line parsing enabled.
**main.tex
(./main.tex
LaTeX2e <2018-04-01> patch level 2
Babel <3.18> and hyphenation patterns for 84 language(s) loaded.
(/usr/local/texlive/2018/texmf-dist/tex/latex/base/article.cls
Document Class: article 2014/09/29 v1.4h Standard LaTeX document class
(/usr/local/texlive/2018/texmf-dist/tex/latex/base/size11.clo
File: size11.clo 2014/09/29 v1.4h Standard LaTeX file (size option)
)
\c@part=\count80
\c@section=\count81
\c@subsection=\count82
\c@subsubsection=\count83
\c@paragraph=\count84
\c@subparagraph=\count85
\c@figure=\count86
\c@table=\count87
\abovecaptionskip=\skip41
\belowcaptionskip=\skip42
\bibindent=\dimen102
)
(/usr/local/texlive/2018/texmf-dist/tex/latex/url/url.sty
\Urlmuskip=\muskip10
Package: url 2013/09/16  ver 3.4  Verb mode for urls, etc.
)
(/usr/local/texlive/2018/texmf-dist/tex/latex/hyperref/hyperref.sty
Package: hyperref 2018/02/06 v6.86b Hypertext links for LaTeX

(/usr/local/texlive/2018/texmf-dist/tex/generic/oberdiek/hobsub-hyperref.sty
Package: hobsub-hyperref 2016/05/16 v1.14 Bundle oberdiek, subset hyperref (HO)


(/usr/local/texlive/2018/texmf-dist/tex/generic/oberdiek/hobsub-generic.sty
Package: hobsub-generic 2016/05/16 v1.14 Bundle oberdiek, subset generic (HO)
Package: hobsub 2016/05/16 v1.14 Construct package bundles (HO)
Package: infwarerr 2016/05/16 v1.4 Providing info/warning/error messages (HO)
Package: ltxcmds 2016/05/16 v1.23 LaTeX kernel commands for general use (HO)
Package: ifluatex 2016/05/16 v1.4 Provides the ifluatex switch (HO)
Package ifluatex Info: LuaTeX not detected.
Package: ifvtex 2016/05/16 v1.6 Detect VTeX and its facilities (HO)
Package ifvtex Info: VTeX not detected.
Package: intcalc 2016/05/16 v1.2 Expandable calculations with integers (HO)
Package: ifpdf 2017/03/15 v3.2 Provides the ifpdf switch
Package: etexcmds 2016/05/16 v1.6 Avoid name clashes with e-TeX commands (HO)
Package etexcmds Info: Could not find \expanded.
(etexcmds)             That can mean that you are not using pdfTeX 1.50 or
(etexcmds)             that some package has redefined \expanded.
(etexcmds)             In the latter case, load this package earlier.
Package: kvsetkeys 2016/05/16 v1.17 Key value parser (HO)
Package: kvdefinekeys 2016/05/16 v1.4 Define keys (HO)
Package: pdftexcmds 2018/01/30 v0.27 Utility functions of pdfTeX for LuaTeX (HO
)
Package pdftexcmds Info: LuaTeX not detected.
Package pdftexcmds Info: \pdf@primitive is available.
Package pdftexcmds Info: \pdf@ifprimitive is available.
Package pdftexcmds Info: \pdfdraftmode found.
Package: pdfescape 2016/05/16 v1.14 Implements pdfTeX's escape features (HO)
Package: bigintcalc 2016/05/16 v1.4 Expandable calculations on big integers (HO
)
Package: bitset 2016/05/16 v1.2 Handle bit-vector datatype (HO)
Package: uniquecounter 2016/05/16 v1.3 Provide unlimited unique counter (HO)
)
Package hobsub Info: Skipping package `hobsub' (already loaded).
Package: letltxmacro 2016/05/16 v1.5 Let assignment for LaTeX macros (HO)
Package: hopatch 2016/05/16 v1.3 Wrapper for package hooks (HO)
Package: xcolor-patch 2016/05/16 xcolor patch
Package: atveryend 2016/05/16 v1.9 Hooks at the very end of document (HO)
Package atveryend Info: \enddocument detected (standard20110627).
Package: atbegshi 2016/06/09 v1.18 At begin shipout hook (HO)
Package: refcount 2016/05/16 v3.5 Data extraction from label references (HO)
Package: hycolor 2016/05/16 v1.8 Color options for hyperref/bookmark (HO)
)
(/usr/local/texlive/2018/texmf-dist/tex/latex/graphics/keyval.sty
Package: keyval 2014/10/28 v1.15 key=value parser (DPC)
\KV@toks@=\toks14
)
(/usr/local/texlive/2018/texmf-dist/tex/generic/ifxetex/ifxetex.sty
Package: ifxetex 2010/09/12 v0.6 Provides ifxetex conditional
)
(/usr/local/texlive/2018/texmf-dist/tex/latex/oberdiek/auxhook.sty
Package: auxhook 2016/05/16 v1.4 Hooks for auxiliary files (HO)
)
(/usr/local/texlive/2018/texmf-dist/tex/latex/oberdiek/kvoptions.sty
Package: kvoptions 2016/05/16 v3.12 Key value format for package options (HO)
)
\@linkdim=\dimen103
\Hy@linkcounter=\count88
\Hy@pagecounter=\count89

(/usr/local/texlive/2018/texmf-dist/tex/latex/hyperref/pd1enc.def
File: pd1enc.def 2018/02/06 v6.86b Hyperref: PDFDocEncoding definition (HO)
Now handling font encoding PD1 ...
... no UTF-8 mapping file for font encoding PD1
)
\Hy@SavedSpaceFactor=\count90

(/usr/local/texlive/2018/texmf-dist/tex/latex/latexconfig/hyperref.cfg
File: hyperref.cfg 2002/06/06 v1.2 hyperref configuration of TeXLive
)
Package hyperref Info: Option `breaklinks' set `true' on input line 4383.
Package hyperref Info: Hyper figures OFF on input line 4509.
Package hyperref Info: Link nesting OFF on input line 4514.
Package hyperref Info: Hyper index ON on input line 4517.
Package hyperref Info: Plain pages OFF on input line 4524.
Package hyperref Info: Backreferencing OFF on input line 4529.
Package hyperref Info: Implicit mode ON; LaTeX internals redefined.
Package hyperref Info: Bookmarks ON on input line 4762.
\c@Hy@tempcnt=\count91
LaTeX Info: Redefining \url on input line 5115.
\XeTeXLinkMargin=\dimen104
\Fld@menulength=\count92
\Field@Width=\dimen105
\Fld@charsize=\dimen106
Package hyperref Info: Hyper figures OFF on input line 6369.
Package hyperref Info: Link nesting OFF on input line 6374.
Package hyperref Info: Hyper index ON on input line 6377.
Package hyperref Info: backreferencing OFF on input line 6384.
Package hyperref Info: Link coloring OFF on input line 6389.
Package hyperref Info: Link coloring with OCG OFF on input line 6394.
Package hyperref Info: PDF/A mode OFF on input line 6399.
LaTeX Info: Redefining \ref on input line 6439.
LaTeX Info: Redefining \pageref on input line 6443.
\Hy@abspage=\count93
\c@Item=\count94
\c@Hfootnote=\count95
)
Package hyperref Info: Driver (autodetected): hpdftex.

(/usr/local/texlive/2018/texmf-dist/tex/latex/hyperref/hpdftex.def
File: hpdftex.def 2018/02/06 v6.86b Hyperref driver for pdfTeX
\Fld@listcount=\count96
\c@bookmark@seq@number=\count97

(/usr/local/texlive/2018/texmf-dist/tex/latex/oberdiek/rerunfilecheck.sty
Package: rerunfilecheck 2016/05/16 v1.8 Rerun checks for auxiliary files (HO)
Package uniquecounter Info: New unique counter `rerunfilecheck' on input line 2
82.
)
\Hy@SectionHShift=\skip43
)
(/usr/local/texlive/2018/texmf-dist/tex/latex/fancyhdr/fancyhdr.sty
Package: fancyhdr 2017/06/30 v3.9a Extensive control of page headers and footer
s
\f@nch@headwidth=\skip44
\f@nch@O@elh=\skip45
\f@nch@O@erh=\skip46
\f@nch@O@olh=\skip47
\f@nch@O@orh=\skip48
\f@nch@O@elf=\skip49
\f@nch@O@erf=\skip50
\f@nch@O@olf=\skip51
\f@nch@O@orf=\skip52
)
(/usr/local/texlive/2018/texmf-dist/tex/latex/natbib/natbib.sty
Package: natbib 2010/09/13 8.31b (PWD, AO)
\bibhang=\skip53
\bibsep=\skip54
LaTeX Info: Redefining \cite on input line 694.
\c@NAT@ctr=\count98
)
(/usr/local/texlive/2018/texmf-dist/tex/latex/comment/comment.sty
\CommentStream=\write3

Excluding comment 'comment') (./dirtree.sty
Package: dirtree 2012/12/11 v0.32 package wrapper for dirtree
 (./dirtree.tex
`dirtree' v0.32, 2012/12/11 (jcc)
\DT@offset=\dimen107
\DT@width=\dimen108
\DT@sep=\dimen109
\DT@all=\dimen110
\DT@rulewidth=\dimen111
\DT@dotwidth=\dimen112
\DTbaselineskip=\dimen113
\DT@counti=\count99
\DT@countii=\count100
\DT@countiii=\count101
\DT@countiv=\count102
\DT@indent=\dimen114
\DT@parskip=\dimen115
\DT@baselineskip=\dimen116
)
File: dirtree.tex 2012/12/11 v0.32 `dirtree' (jcc)
)
(/usr/local/texlive/2018/texmf-dist/tex/latex/tools/longtable.sty
Package: longtable 2014/10/28 v4.11 Multi-page Table package (DPC)
\LTleft=\skip55
\LTright=\skip56
\LTpre=\skip57
\LTpost=\skip58
\LTchunksize=\count103
\LTcapwidth=\dimen117
\LT@head=\box26
\LT@firsthead=\box27
\LT@foot=\box28
\LT@lastfoot=\box29
\LT@cols=\count104
\LT@rows=\count105
\c@LT@tables=\count106
\c@LT@chunks=\count107
\LT@p@ftn=\toks15
)
(/usr/local/texlive/2018/texmf-dist/tex/latex/algorithms/algorithm.sty
Package: algorithm 2009/08/24 v0.1 Document Style `algorithm' - floating enviro
nment

(/usr/local/texlive/2018/texmf-dist/tex/latex/float/float.sty
Package: float 2001/11/08 v1.3d Float enhancements (AL)
\c@float@type=\count108
\float@exts=\toks16
\float@box=\box30
\@float@everytoks=\toks17
\@floatcapt=\box31
)
(/usr/local/texlive/2018/texmf-dist/tex/latex/base/ifthen.sty
Package: ifthen 2014/09/29 v1.1c Standard LaTeX ifthen package (DPC)
)
\@float@every@algorithm=\toks18
\c@algorithm=\count109
)
(/usr/local/texlive/2018/texmf-dist/tex/latex/algorithms/algorithmic.sty
Package: algorithmic 2009/08/24 v0.1 Document Style `algorithmic'
\c@ALC@unique=\count110
\c@ALC@line=\count111
\c@ALC@rem=\count112
\c@ALC@depth=\count113
\ALC@tlm=\skip59
\algorithmicindent=\skip60
)
(/usr/local/texlive/2018/texmf-dist/tex/latex/bigfoot/perpage.sty
Package: perpage 2014/10/25 2.0 Reset/sort counters per page
\c@abspage=\count114
)
\c@pp@a@footnote=\count115

(/usr/local/texlive/2018/texmf-dist/tex/latex/geometry/geometry.sty
Package: geometry 2018/03/24 v5.7 Page Geometry
\Gm@cnth=\count116
\Gm@cntv=\count117
\c@Gm@tempcnt=\count118
\Gm@bindingoffset=\dimen118
\Gm@wd@mp=\dimen119
\Gm@odd@mp=\dimen120
\Gm@even@mp=\dimen121
\Gm@layoutwidth=\dimen122
\Gm@layoutheight=\dimen123
\Gm@layouthoffset=\dimen124
\Gm@layoutvoffset=\dimen125
\Gm@dimlist=\toks19
)
(/usr/local/texlive/2018/texmf-dist/tex/latex/titling/titling.sty
Package: titling 2009/09/04 v2.1d maketitle typesetting
\thanksmarkwidth=\skip61
\thanksmargin=\skip62
\droptitle=\skip63
)
(/usr/local/texlive/2018/texmf-dist/tex/latex/titlesec/titlesec.sty
Package: titlesec 2016/03/21 v2.10.2 Sectioning titles
\ttl@box=\box32
\beforetitleunit=\skip64
\aftertitleunit=\skip65
\ttl@plus=\dimen126
\ttl@minus=\dimen127
\ttl@toksa=\toks20
\titlewidth=\dimen128
\titlewidthlast=\dimen129
\titlewidthfirst=\dimen130
)
(/usr/local/texlive/2018/texmf-dist/tex/latex/graphics/graphicx.sty
Package: graphicx 2017/06/01 v1.1a Enhanced LaTeX Graphics (DPC,SPQR)

(/usr/local/texlive/2018/texmf-dist/tex/latex/graphics/graphics.sty
Package: graphics 2017/06/25 v1.2c Standard LaTeX Graphics (DPC,SPQR)

(/usr/local/texlive/2018/texmf-dist/tex/latex/graphics/trig.sty
Package: trig 2016/01/03 v1.10 sin cos tan (DPC)
)
(/usr/local/texlive/2018/texmf-dist/tex/latex/graphics-cfg/graphics.cfg
File: graphics.cfg 2016/06/04 v1.11 sample graphics configuration
)
Package graphics Info: Driver file: pdftex.def on input line 99.

(/usr/local/texlive/2018/texmf-dist/tex/latex/graphics-def/pdftex.def
File: pdftex.def 2018/01/08 v1.0l Graphics/color driver for pdftex
))
\Gin@req@height=\dimen131
\Gin@req@width=\dimen132
)
(/usr/local/texlive/2018/texmf-dist/tex/latex/enumitem/enumitem.sty
Package: enumitem 2011/09/28 v3.5.2 Customized lists
\labelindent=\skip66
\enit@outerparindent=\dimen133
\enit@toks=\toks21
\enit@inbox=\box33
\enitdp@description=\count119
)
(/usr/local/texlive/2018/texmf-dist/tex/latex/pdfpages/pdfpages.sty
Package: pdfpages 2017/10/31 v0.5l Insert pages of external PDF documents (AM)

(/usr/local/texlive/2018/texmf-dist/tex/latex/tools/calc.sty
Package: calc 2017/05/25 v4.3 Infix arithmetic (KKT,FJ)
\calc@Acount=\count120
\calc@Bcount=\count121
\calc@Adimen=\dimen134
\calc@Bdimen=\dimen135
\calc@Askip=\skip67
\calc@Bskip=\skip68
LaTeX Info: Redefining \setlength on input line 80.
LaTeX Info: Redefining \addtolength on input line 81.
\calc@Ccount=\count122
\calc@Cskip=\skip69
)
(/usr/local/texlive/2018/texmf-dist/tex/latex/eso-pic/eso-pic.sty
Package: eso-pic 2015/07/21 v2.0g eso-pic (RN)

(/usr/local/texlive/2018/texmf-dist/tex/latex/xcolor/xcolor.sty
Package: xcolor 2016/05/11 v2.12 LaTeX color extensions (UK)

(/usr/local/texlive/2018/texmf-dist/tex/latex/graphics-cfg/color.cfg
File: color.cfg 2016/01/02 v1.6 sample color configuration
)
Package xcolor Info: Driver file: pdftex.def on input line 225.
Package xcolor Info: Model `cmy' substituted by `cmy0' on input line 1348.
Package xcolor Info: Model `hsb' substituted by `rgb' on input line 1352.
Package xcolor Info: Model `RGB' extended on input line 1364.
Package xcolor Info: Model `HTML' substituted by `rgb' on input line 1366.
Package xcolor Info: Model `Hsb' substituted by `hsb' on input line 1367.
Package xcolor Info: Model `tHsb' substituted by `hsb' on input line 1368.
Package xcolor Info: Model `HSB' substituted by `hsb' on input line 1369.
Package xcolor Info: Model `Gray' substituted by `gray' on input line 1370.
Package xcolor Info: Model `wave' substituted by `hsb' on input line 1371.
))
\AM@pagewidth=\dimen136
\AM@pageheight=\dimen137

(/usr/local/texlive/2018/texmf-dist/tex/latex/pdfpages/pppdftex.def
File: pppdftex.def 2017/10/31 v0.5l Pdfpages driver for pdfTeX (AM)
)
\AM@pagebox=\box34
\AM@global@opts=\toks22
\AM@toc@title=\toks23
\c@AM@survey=\count123
\AM@templatesizebox=\box35
)
(/usr/local/texlive/2018/texmf-dist/tex/latex/lastpage/lastpage.sty
Package: lastpage 2015/03/29 v1.2m Refers to last page's name (HMM; JPG)
)
(/usr/local/texlive/2018/texmf-dist/tex/latex/amsmath/amsmath.sty
Package: amsmath 2017/09/02 v2.17a AMS math features
\@mathmargin=\skip70

For additional information on amsmath, use the `?' option.
(/usr/local/texlive/2018/texmf-dist/tex/latex/amsmath/amstext.sty
Package: amstext 2000/06/29 v2.01 AMS text

(/usr/local/texlive/2018/texmf-dist/tex/latex/amsmath/amsgen.sty
File: amsgen.sty 1999/11/30 v2.0 generic functions
\@emptytoks=\toks24
\ex@=\dimen138
))
(/usr/local/texlive/2018/texmf-dist/tex/latex/amsmath/amsbsy.sty
Package: amsbsy 1999/11/29 v1.2d Bold Symbols
\pmbraise@=\dimen139
)
(/usr/local/texlive/2018/texmf-dist/tex/latex/amsmath/amsopn.sty
Package: amsopn 2016/03/08 v2.02 operator names
)
\inf@bad=\count124
LaTeX Info: Redefining \frac on input line 213.
\uproot@=\count125
\leftroot@=\count126
LaTeX Info: Redefining \overline on input line 375.
\classnum@=\count127
\DOTSCASE@=\count128
LaTeX Info: Redefining \ldots on input line 472.
LaTeX Info: Redefining \dots on input line 475.
LaTeX Info: Redefining \cdots on input line 596.
\Mathstrutbox@=\box36
\strutbox@=\box37
\big@size=\dimen140
LaTeX Font Info:    Redeclaring font encoding OML on input line 712.
LaTeX Font Info:    Redeclaring font encoding OMS on input line 713.
\macc@depth=\count129
\c@MaxMatrixCols=\count130
\dotsspace@=\muskip11
\c@parentequation=\count131
\dspbrk@lvl=\count132
\tag@help=\toks25
\row@=\count133
\column@=\count134
\maxfields@=\count135
\andhelp@=\toks26
\eqnshift@=\dimen141
\alignsep@=\dimen142
\tagshift@=\dimen143
\tagwidth@=\dimen144
\totwidth@=\dimen145
\lineht@=\dimen146
\@envbody=\toks27
\multlinegap=\skip71
\multlinetaggap=\skip72
\mathdisplay@stack=\toks28
LaTeX Info: Redefining \[ on input line 2817.
LaTeX Info: Redefining \] on input line 2818.
)
(/usr/local/texlive/2018/texmf-dist/tex/latex/amsfonts/amsfonts.sty
Package: amsfonts 2013/01/14 v3.01 Basic AMSFonts support
\symAMSa=\mathgroup4
\symAMSb=\mathgroup5
LaTeX Font Info:    Overwriting math alphabet `\mathfrak' in version `bold'
(Font)                  U/euf/m/n --> U/euf/b/n on input line 106.
)
(/usr/local/texlive/2018/texmf-dist/tex/latex/amsfonts/amssymb.sty
Package: amssymb 2013/01/14 v3.01 AMS font symbols
)
(/usr/local/texlive/2018/texmf-dist/tex/latex/oberdiek/epstopdf.sty
Package: epstopdf 2016/05/15 v2.6 Conversion with epstopdf on the fly (HO)

(/usr/local/texlive/2018/texmf-dist/tex/latex/oberdiek/epstopdf-base.sty
Package: epstopdf-base 2016/05/15 v2.6 Base part for package epstopdf

(/usr/local/texlive/2018/texmf-dist/tex/latex/oberdiek/grfext.sty
Package: grfext 2016/05/16 v1.2 Manage graphics extensions (HO)
)
Package epstopdf-base Info: Redefining graphics rule for `.eps' on input line 4
38.
Package grfext Info: Graphics extension search list:
(grfext)             [.pdf,.png,.jpg,.mps,.jpeg,.jbig2,.jb2,.PDF,.PNG,.JPG,.JPE
G,.JBIG2,.JB2,.eps]
(grfext)             \AppendGraphicsExtensions on input line 456.

(/usr/local/texlive/2018/texmf-dist/tex/latex/latexconfig/epstopdf-sys.cfg
File: epstopdf-sys.cfg 2010/07/13 v1.3 Configuration of (r)epstopdf for TeX Liv
e
)))
(/usr/local/texlive/2018/texmf-dist/tex/latex/listings/listings.sty
\lst@mode=\count136
\lst@gtempboxa=\box38
\lst@token=\toks29
\lst@length=\count137
\lst@currlwidth=\dimen147
\lst@column=\count138
\lst@pos=\count139
\lst@lostspace=\dimen148
\lst@width=\dimen149
\lst@newlines=\count140
\lst@lineno=\count141
\lst@maxwidth=\dimen150

(/usr/local/texlive/2018/texmf-dist/tex/latex/listings/lstmisc.sty
File: lstmisc.sty 2015/06/04 1.6 (Carsten Heinz)
\c@lstnumber=\count142
\lst@skipnumbers=\count143
\lst@framebox=\box39
)
(/usr/local/texlive/2018/texmf-dist/tex/latex/listings/listings.cfg
File: listings.cfg 2015/06/04 1.6 listings configuration
))
Package: listings 2015/06/04 1.6 (Carsten Heinz)

(./main.aux)
\openout1 = `main.aux'.

LaTeX Font Info:    Checking defaults for OML/cmm/m/it on input line 93.
LaTeX Font Info:    ... okay on input line 93.
LaTeX Font Info:    Checking defaults for T1/cmr/m/n on input line 93.
LaTeX Font Info:    ... okay on input line 93.
LaTeX Font Info:    Checking defaults for OT1/cmr/m/n on input line 93.
LaTeX Font Info:    ... okay on input line 93.
LaTeX Font Info:    Checking defaults for OMS/cmsy/m/n on input line 93.
LaTeX Font Info:    ... okay on input line 93.
LaTeX Font Info:    Checking defaults for OMX/cmex/m/n on input line 93.
LaTeX Font Info:    ... okay on input line 93.
LaTeX Font Info:    Checking defaults for U/cmr/m/n on input line 93.
LaTeX Font Info:    ... okay on input line 93.
LaTeX Font Info:    Checking defaults for PD1/pdf/m/n on input line 93.
LaTeX Font Info:    ... okay on input line 93.
\AtBeginShipoutBox=\box40
Package hyperref Info: Link coloring OFF on input line 93.
 (/usr/local/texlive/2018/texmf-dist/tex/latex/hyperref/nameref.sty
Package: nameref 2016/05/21 v2.44 Cross-referencing by name of section
(/usr/local/texlive/2018/texmf-dist/tex/generic/oberdiek/gettitlestring.sty
Package: gettitlestring 2016/05/16 v1.5 Cleanup title references (HO)
)
\c@section@level=\count144
)
LaTeX Info: Redefining \ref on input line 93.
LaTeX Info: Redefining \pageref on input line 93.
LaTeX Info: Redefining \nameref on input line 93.

(./main.out) (./main.out)
\@outlinefile=\write4
\openout4 = `main.out'.


*geometry* driver: auto-detecting
*geometry* detected driver: pdftex
*geometry* verbose mode - [ preamble ] result:
* driver: pdftex
* paper: a4paper
* layout: <same size as paper>
* layoutoffset:(h,v)=(0.0pt,0.0pt)
* modes: twoside 
* h-part:(L,W,R)=(72.55461pt, 479.42868pt, 45.52458pt)
* v-part:(T,H,B)=(51.21504pt, 742.61676pt, 51.21504pt)
* \paperwidth=597.50787pt
* \paperheight=845.04684pt
* \textwidth=479.42868pt
* \textheight=742.61676pt
* \oddsidemargin=0.28462pt
* \evensidemargin=-26.7454pt
* \topmargin=-55.05495pt
* \headheight=28.0pt
* \headsep=6.0pt
* \topskip=11.0pt
* \footskip=30.0pt
* \marginparwidth=103.0pt
* \marginparsep=10.0pt
* \columnsep=10.0pt
* \skip\footins=10.0pt plus 4.0pt minus 2.0pt
* \hoffset=0.0pt
* \voffset=0.0pt
* \mag=1000
* \@twocolumnfalse
* \@twosidetrue
* \@mparswitchtrue
* \@reversemarginfalse
* (1in=72.27pt=25.4mm, 1cm=28.453pt)

(/usr/local/texlive/2018/texmf-dist/tex/context/base/mkii/supp-pdf.mkii
[Loading MPS to PDF converter (version 2006.09.02).]
\scratchcounter=\count145
\scratchdimen=\dimen151
\scratchbox=\box41
\nofMPsegments=\count146
\nofMParguments=\count147
\everyMPshowfont=\toks30
\MPscratchCnt=\count148
\MPscratchDim=\dimen152
\MPnumerator=\count149
\makeMPintoPDFobject=\count150
\everyMPtoPDFconversion=\toks31
) (/usr/local/texlive/2018/texmf-dist/tex/latex/oberdiek/pdflscape.sty
Package: pdflscape 2016/05/14 v0.11 Display of landscape pages in PDF (HO)

(/usr/local/texlive/2018/texmf-dist/tex/latex/graphics/lscape.sty
Package: lscape 2000/10/22 v3.01 Landscape Pages (DPC)
)
Package pdflscape Info: Auto-detected driver: pdftex on input line 81.
)
Package lastpage Info: Please have a look at the pageslts package at
(lastpage)             https://www.ctan.org/pkg/pageslts
(lastpage)             ! on input line 93.
\c@lstlisting=\count151
<crest.jpg, id=406, 501.875pt x 600.2425pt>
File: crest.jpg Graphic file (type jpg)
<use crest.jpg>
Package pdftex.def Info: crest.jpg  used on input line 102.
(pdftex.def)             Requested size: 90.3375pt x 108.03899pt.
<uni.jpg, id=407, 2007.5pt x 473.77pt>
File: uni.jpg Graphic file (type jpg)
<use uni.jpg>
Package pdftex.def Info: uni.jpg  used on input line 104.
(pdftex.def)             Requested size: 287.08258pt x 67.75311pt.
LaTeX Font Info:    Try loading font information for U+msa on input line 105.

(/usr/local/texlive/2018/texmf-dist/tex/latex/amsfonts/umsa.fd
File: umsa.fd 2013/01/14 v3.01 AMS symbols A
)
LaTeX Font Info:    Try loading font information for U+msb on input line 105.

(/usr/local/texlive/2018/texmf-dist/tex/latex/amsfonts/umsb.fd
File: umsb.fd 2013/01/14 v3.01 AMS symbols B
) [1

{/usr/local/texlive/2018/texmf-var/fonts/map/pdftex/updmap/pdftex.map} <./crest
.jpg> <./uni.jpg>]pdfTeX warning (ext4): destination with the same identifier (
name{page.}) has been already used, duplicate ignored
<to be read again> 
                   \relax 
l.134 \cleardoublepage
                       [2

]
Underfull \hbox (badness 10000) in paragraph at lines 137--141

 []

pdfTeX warning (ext4): destination with the same identifier (name{page.}) has b
een already used, duplicate ignored
<to be read again> 
                   \relax 
l.145 \clearpage
                 [3]pdfTeX warning (ext4): destination with the same identifier
 (name{page.}) has been already used, duplicate ignored
<to be read again> 
                   \relax 
l.161 \clearpage
                 [4

] (./main.tocpdfTeX warning (ext4): destination with the same identifier (name{
page.}) has been already used, duplicate ignored
<to be read again> 
                   \relax 
l.59 ...}Recommendations}{24}{subsubsection.6.7.5}
                                                   [5

])
\tf@toc=\write5
\openout5 = `main.toc'.

pdfTeX warning (ext4): destination with the same identifier (name{page.}) has b
een already used, duplicate ignored
<to be read again> 
                   \relax 
l.168 \clearpage
                 [6]
LaTeX Font Info:    Try loading font information for OMS+cmr on input line 172.


(/usr/local/texlive/2018/texmf-dist/tex/latex/base/omscmr.fd
File: omscmr.fd 2014/09/29 v2.5h Standard LaTeX font definitions
)
LaTeX Font Info:    Font shape `OMS/cmr/m/n' in size <10.95> not available
(Font)              Font shape `OMS/cmsy/m/n' tried instead on input line 172.
pdfTeX warning (ext4): destination with the same identifier (name{page.}) has b
een already used, duplicate ignored
<to be read again> 
                   \relax 
l.226 \item S
             AI -- Safe Application Interface [7

]
Overfull \hbox (37.95322pt too wide) in paragraph at lines 255--255
[]                                     \OT1/cmtt/m/n/10.95 % on the fly from a 
source file called `acronyms.tex'[] 
 []


Overfull \hbox (14.95847pt too wide) in paragraph at lines 255--255
[]\OT1/cmtt/m/n/10.95 http://anorien.csc.warwick.ac.uk/mirrors/CTAN/macros/late
x/contrib/acronym/acronym.pdf[] 
 []

pdfTeX warning (ext4): destination with the same identifier (name{page.}) has b
een already used, duplicate ignored
<to be read again> 
                   \relax 
l.258 \clearpage
                 [8]
LaTeX Font Info:    Font shape `OMS/cmr/m/n' in size <8> not available
(Font)              Font shape `OMS/cmsy/m/n' tried instead on input line 271.
LaTeX Font Info:    Font shape `OMS/cmr/m/n' in size <6> not available
(Font)              Font shape `OMS/cmsy/m/n' tried instead on input line 271.
 [1

] [2

]
Underfull \hbox (badness 10000) in paragraph at lines 314--315

 []


Underfull \hbox (badness 10000) in paragraph at lines 314--315

 []


Underfull \hbox (badness 10000) in paragraph at lines 314--315

 []

[3]
Package epstopdf Info: Source file: <Signals.eps>
(epstopdf)                    date: 2015-07-29 08:32:42
(epstopdf)                    size: 1118590 bytes
(epstopdf)             Output file: <Signals-eps-converted-to.pdf>
(epstopdf)                    date: 2015-07-29 08:32:46
(epstopdf)                    size: 160428 bytes
(epstopdf)             Command: <repstopdf --outfile=Signals-eps-converted-to.p
df Signals.eps>
(epstopdf)             \includegraphics on input line 335.
Package epstopdf Info: Output file is already uptodate.
<Signals-eps-converted-to.pdf, id=606, 277.035pt x 186.6975pt>
File: Signals-eps-converted-to.pdf Graphic file (type pdf)
<use Signals-eps-converted-to.pdf>
Package pdftex.def Info: Signals-eps-converted-to.pdf  used on input line 335.
(pdftex.def)             Requested size: 193.92317pt x 130.68735pt.
 [4

 <./Signals-eps-converted-to.pdf>] [5]
Overfull \hbox (4.49814pt too wide) in paragraph at lines 375--376
[]\OT1/cmr/m/n/10.95 The so-lu-tion for the heavy-rail net-work is the Eu-ro-pe
an Rail Traf-fic Man-age-ment Sys-tem (ERTMS),
 []

[6] [7

] [8]
<DMI.jpg, id=740, 768.8725pt x 548.0475pt>
File: DMI.jpg Graphic file (type jpg)
<use DMI.jpg>
Package pdftex.def Info: DMI.jpg  used on input line 419.
(pdftex.def)             Requested size: 192.21765pt x 137.01154pt.
<Cl158.jpg, id=747, 729.72626pt x 724.7075pt>
File: Cl158.jpg Graphic file (type jpg)
<use Cl158.jpg>
Package pdftex.def Info: Cl158.jpg  used on input line 431.
(pdftex.def)             Requested size: 218.91957pt x 217.41393pt.
 [9 <./DMI.jpg> <./Cl158.jpg>] [10] [11

] [12] [13] [14]
Package epstopdf Info: Source file: <ERTMSStack.eps>
(epstopdf)                    date: 2015-08-18 14:51:56
(epstopdf)                    size: 1157270 bytes
(epstopdf)             Output file: <ERTMSStack-eps-converted-to.pdf>
(epstopdf)                    date: 2015-08-18 14:52:36
(epstopdf)                    size: 15995 bytes
(epstopdf)             Command: <repstopdf --outfile=ERTMSStack-eps-converted-t
o.pdf ERTMSStack.eps>
(epstopdf)             \includegraphics on input line 532.
Package epstopdf Info: Output file is already uptodate.
<ERTMSStack-eps-converted-to.pdf, id=849, 799.98875pt x 449.68pt>
File: ERTMSStack-eps-converted-to.pdf Graphic file (type pdf)
<use ERTMSStack-eps-converted-to.pdf>
Package pdftex.def Info: ERTMSStack-eps-converted-to.pdf  used on input line 53
2.
(pdftex.def)             Requested size: 399.9934pt x 224.83945pt.
 [15

 <./ERTMSStack-eps-converted-to.pdf>]
Package hyperref Info: bookmark level for unknown algorithm defaults to 0 on in
put line 553.
 [16] [17] [18] [19]
Underfull \hbox (badness 10000) in paragraph at lines 740--741

 []

[20]
Underfull \hbox (badness 10000) in paragraph at lines 752--753

 []


Underfull \hbox (badness 10000) in paragraph at lines 762--763

 []

[21] [22]
<HP-Diagram.pdf, id=978, 597.50829pt x 625.96059pt>
File: HP-Diagram.pdf Graphic file (type pdf)
<use HP-Diagram.pdf>
Package pdftex.def Info: HP-Diagram.pdf  used on input line 797.
(pdftex.def)             Requested size: 298.7534pt x 312.97952pt.
 [23

 <./HP-Diagram.pdf>] [24] [25] [26]
Package epstopdf Info: Source file: <ModMacAlgo3.eps>
(epstopdf)                    date: 2015-08-22 15:59:30
(epstopdf)                    size: 921890 bytes
(epstopdf)             Output file: <ModMacAlgo3-eps-converted-to.pdf>
(epstopdf)                    date: 2015-08-22 15:59:36
(epstopdf)                    size: 17215 bytes
(epstopdf)             Command: <repstopdf --outfile=ModMacAlgo3-eps-converted-
to.pdf ModMacAlgo3.eps>
(epstopdf)             \includegraphics on input line 850.
Package epstopdf Info: Output file is already uptodate.
<ModMacAlgo3-eps-converted-to.pdf, id=1050, 629.35126pt x 377.41pt>
File: ModMacAlgo3-eps-converted-to.pdf Graphic file (type pdf)
<use ModMacAlgo3-eps-converted-to.pdf>
Package pdftex.def Info: ModMacAlgo3-eps-converted-to.pdf  used on input line 8
50.
(pdftex.def)             Requested size: 314.67485pt x 188.70453pt.
 [27

 <./ModMacAlgo3-eps-converted-to.pdf>]

LaTeX Warning: Command \textregistered invalid in math mode on input line 899.


LaTeX Warning: Command \textcircled invalid in math mode on input line 899.


LaTeX Warning: Command \textcircled invalid in math mode on input line 899.

[28] [29] [30

]
Package epstopdf Info: Source file: <TrainAppMessageFormat.eps>
(epstopdf)                    date: 2015-08-13 15:16:50
(epstopdf)                    size: 1431270 bytes
(epstopdf)             Output file: <TrainAppMessageFormat-eps-converted-to.pdf
>
(epstopdf)                    date: 2015-08-13 15:31:26
(epstopdf)                    size: 19122 bytes
(epstopdf)             Command: <repstopdf --outfile=TrainAppMessageFormat-eps-
converted-to.pdf TrainAppMessageFormat.eps>
(epstopdf)             \includegraphics on input line 967.
Package epstopdf Info: Output file is already uptodate.
<TrainAppMessageFormat-eps-converted-to.pdf, id=1105, 506.89375pt x 859.21pt>
File: TrainAppMessageFormat-eps-converted-to.pdf Graphic file (type pdf)
<use TrainAppMessageFormat-eps-converted-to.pdf>
Package pdftex.def Info: TrainAppMessageFormat-eps-converted-to.pdf  used on in
put line 967.
(pdftex.def)             Requested size: 202.7539pt x 343.67792pt.
 [31 <./TrainAppMessageFormat-eps-converted-to.pdf>]
Underfull \hbox (badness 10000) in paragraph at lines 991--993

 []

[32] [33] [34

]
Underfull \hbox (badness 10000) in paragraph at lines 1086--1106

 []

Package epstopdf Info: Source file: <ERTMSPrezi.eps>
(epstopdf)                    date: 2015-08-20 14:37:32
(epstopdf)                    size: 19226870 bytes
(epstopdf)             Output file: <ERTMSPrezi-eps-converted-to.pdf>
(epstopdf)                    date: 2015-08-20 14:38:16
(epstopdf)                    size: 789177 bytes
(epstopdf)             Command: <repstopdf --outfile=ERTMSPrezi-eps-converted-t
o.pdf ERTMSPrezi.eps>
(epstopdf)             \includegraphics on input line 1121.
Package epstopdf Info: Output file is already uptodate.
<ERTMSPrezi-eps-converted-to.pdf, id=1155, 837.1275pt x 573.14125pt>
File: ERTMSPrezi-eps-converted-to.pdf Graphic file (type pdf)
<use ERTMSPrezi-eps-converted-to.pdf>
Package pdftex.def Info: ERTMSPrezi-eps-converted-to.pdf  used on input line 11
21.
(pdftex.def)             Requested size: 418.56273pt x 286.56992pt.
[35] [36 <./ERTMSPrezi-eps-converted-to.pdf>] [37

] [38] [39

] [40

] [41] [42]
[43]
Underfull \hbox (badness 10000) in paragraph at lines 1284--1285

 []


Underfull \hbox (badness 10000) in paragraph at lines 1284--1285

 []

[44] [45] [46

]
Underfull \hbox (badness 10000) in paragraph at lines 1325--1326

 []


Underfull \hbox (badness 10000) in paragraph at lines 1325--1326

 []

[47] (./main.bbl
Underfull \hbox (badness 10000) in paragraph at lines 38--42
[]$\OT1/cmtt/m/n/10.95 http : / / www . bombardier . com / en / transportation 
/ products -[] services / rail -[] control -[]
 []


Underfull \hbox (badness 10000) in paragraph at lines 44--48
[]$\OT1/cmtt/m/n/10.95 http : / / www . railjournal . com / index . php / signa
lling / interoperability -[] in -[] europe -[] still -[]
 []


Underfull \hbox (badness 10000) in paragraph at lines 50--55
[]$\OT1/cmtt/m/n/10.95 https : / / bsol . bsigroup . com / Bibliographic / Bibl
iographicInfoData / 000000000030202175$[]\OT1/cmr/m/n/10.95 .
 []


Underfull \hbox (badness 10000) in paragraph at lines 57--62
[]$\OT1/cmtt/m/n/10.95 https : / / bsol . bsigroup . com / Bibliographic / Bibl
iographicInfoData / 000000000030105371$[]\OT1/cmr/m/n/10.95 .
 []


Underfull \hbox (badness 10000) in paragraph at lines 80--87
[]$\OT1/cmtt/m/n/10.95 http : / / waset . org / publications / 2166 / an -[] im
plementation -[] of -[] euroradio -[] protocol -[] for -[]
 []


Underfull \hbox (badness 10000) in paragraph at lines 102--106
[]$\OT1/cmtt/m/n/10.95 https : / / www . gov . uk / government / uploads / syst
em / uploads / attachment _ data / file / 197194 /
 []

[48

]
Underfull \hbox (badness 10000) in paragraph at lines 108--112
[]$\OT1/cmtt/m/n/10.95 https : / / www . gov . uk / government / uploads / syst
em / uploads / attachment _ data / file / 363718 /
 []


Underfull \hbox (badness 10000) in paragraph at lines 114--118
[]$\OT1/cmtt/m/n/10.95 https : / / www . angeltrains . co . uk / Portals / 0 / 
News _ Downloads / DfT % 20rolling -[] stock -[]
 []


Underfull \hbox (badness 10000) in paragraph at lines 147--151
[]$\OT1/cmtt/m/n/10.95 http : / / www . computerworlduk . com / news / data / n
etwork -[] rail -[] cyber -[] security -[] will -[] be -[]
 []


Underfull \hbox (badness 10000) in paragraph at lines 163--167
[]$\OT1/cmtt/m/n/10.95 http : / / www . globalrailnews . com / 2011 / 09 / 06 /
 wholesale -[] closure -[] of -[] almost -[] every -[]
 []


Underfull \hbox (badness 10000) in paragraph at lines 185--189
[]$\OT1/cmtt/m/n/10.95 http : / / www . ertms -[] conference2014 . com / assets
 / SESSION -[] PRESENTATIONS / S2 / UIC -[] ERTMS -[] WC -[]
 []


Underfull \hbox (badness 10000) in paragraph at lines 197--203
[]$\OT1/cmtt/m/n/10.95 http : / / www . isg . rhul . ac . uk / static / msc / t
eaching / ic2 / resources05 / copies05 /
 []

[49]
Underfull \hbox (badness 10000) in paragraph at lines 205--211
[]$\OT1/cmtt/m/n/10.95 http : / / findit . bham . ac . uk / 44BIR _ VU1 : CSCOP
 _ 44BIR _ DEEP : TN _ scopus2 -[] s2 . 0 -[] 84884711576$[]
 []


Underfull \hbox (badness 10000) in paragraph at lines 213--217
[]$\OT1/cmtt/m/n/10.95 http : / / www -[] 01 . ibm . com / support / knowledgec
enter / linuxonibm / com . ibm . linux . z . wskc .
 []


Underfull \hbox (badness 10000) in paragraph at lines 226--230
[]$\OT1/cmtt/m/n/10.95 https : / / lassekarstensen . wordpress . com / 2013 / 0
8 / 08 / gsm -[] a51 -[] rainbow -[] tables -[] in -[] oslo -[]
 []


Underfull \hbox (badness 10000) in paragraph at lines 240--244
[]$\OT1/cmtt/m/n/10.95 http : / / www . railengineer . uk / 2013 / 04 / 18 / th
e -[] future -[] of -[] gsm -[] r -[] and -[] its -[] possible -[]
 []


Underfull \hbox (badness 10000) in paragraph at lines 279--283
[]$\OT1/cmtt/m/n/10.95 https : / / www . networkrail . co . uk / browse20docume
ntsStrategicBusinessPlanRoutePlans \
 []


Underfull \hbox (badness 10000) in paragraph at lines 285--289
[]$\OT1/cmtt/m/n/10.95 http : / / www . networkrail . co . uk / news / 2012 / a
pr / modernising -[] the -[] signalling -[] on -[] the -[]
 []


Underfull \hbox (badness 1072) in paragraph at lines 291--295
[]$\OT1/cmtt/m/n/10.95 https : / / www . networkrail . co . uk / WorkArea / Dow
nloadAsset . aspx ? id = 30064788605$[]\OT1/cmr/m/n/10.95 .  On-line;
 []

[50]
Underfull \hbox (badness 10000) in paragraph at lines 308--312
[]$\OT1/cmtt/m/n/10.95 http : / / www . networkrail . co . uk / browse % 20docu
ments / sectional % 20appendix / london %
 []


Underfull \hbox (badness 10000) in paragraph at lines 337--342
[]$\OT1/cmtt/m/n/10.95 https : / / assets . digital . cabinet -[] office . gov 
. uk / media / 547c8fdded915d4c0d000171 /
 []


Underfull \hbox (badness 10000) in paragraph at lines 362--366
[]$\OT1/cmtt/m/n/10.95 http : / / www . gare . italferr . it / cms -[] file / a
llegati / gare -[] italferr / PA -[] 1146 _
 []

[51]
Underfull \hbox (badness 10000) in paragraph at lines 393--398
[]$\OT1/cmtt/m/n/10.95 http : / / www . v3 . co . uk / v3 -[] uk / news / 24116
42 / national -[] rail -[] cyber -[] chief -[] everyone -[] must -[]
 []


Underfull \hbox (badness 10000) in paragraph at lines 411--415
[]$\OT1/cmtt/m/n/10.95 http : / / www . era . europa . eu / Document -[] Regist
er / Documents / Set -[] 2 -[] Index011 -[] SUBSET -[]
 []


Underfull \hbox (badness 10000) in paragraph at lines 417--421
[]$\OT1/cmtt/m/n/10.95 http : / / www . era . europa . eu / Document -[] Regist
er / Documents / Set -[] 2 -[] Index016 -[] SUBSET -[]
 []


Underfull \hbox (badness 10000) in paragraph at lines 429--433
[]$\OT1/cmtt/m/n/10.95 http : / / www . era . europa . eu / Document -[] Regist
er / Documents / Set -[] 2 -[] Index060 -[] SUBSET -[]
 []


Underfull \hbox (badness 1436) in paragraph at lines 466--472
[]$\OT1/cmtt/m/n/10.95 https : / / www . usenix . org / sites / default / files
 / sec15 _ supplement . pdf$[] \OT1/cmr/m/n/10.95 On-line; ac-cessed 3
 []


Underfull \hbox (badness 1715) in paragraph at lines 474--478
[]$\OT1/cmtt/m/n/10.95 http : / / www . ft . com / cms / s / 0 / 82428d72 -[] b
272 -[] 11e2 -[] 8540 -[] 00144feabdc0 . html$[]\OT1/cmr/m/n/10.95 .  On-line; 
ac-
 []

[52]
Underfull \hbox (badness 10000) in paragraph at lines 487--494
[]$\OT1/cmtt/m/n/10.95 http : / / findit . bham . ac . uk / 44BIR _ VU1 : CSCOP
 _ 44BIR _ DEEP : TN _ springer _ jour10 . 1007 /
 []

) [53]
Underfull \hbox (badness 10000) in paragraph at lines 1354--1354
[]|\OT1/cmtt/m/n/10.95 src -- contains the source for this project, including P
roverif, Java and R
 []

[54

] Excluding 'comment' comment. 
AED: lastpage setting LastPage
Package atveryend Info: Empty hook `BeforeClearDocument' on input line 1385.
Package atveryend Info: Empty hook `AfterLastShipout' on input line 1385.
(./main.aux)
Package atveryend Info: Executing hook `AtVeryEndDocument' on input line 1385.
Package atveryend Info: Executing hook `AtEndAfterFileList' on input line 1385.

Package rerunfilecheck Info: File `main.out' has not changed.
(rerunfilecheck)             Checksum: 53F9CF20BE3B294379B652CC5563844B;7423.
Package atveryend Info: Empty hook `AtVeryVeryEnd' on input line 1385.
 ) 
Here is how much of TeX's memory you used:
 11373 strings out of 492649
 161484 string characters out of 6129623
 451070 words of memory out of 5000000
 14776 multiletter control sequences out of 15000+600000
 17015 words of font info for 65 fonts, out of 8000000 for 9000
 1141 hyphenation exceptions out of 8191
 37i,12n,43p,2066b,1778s stack positions out of 5000i,500n,10000p,200000b,80000s
</usr/local/texlive/2018/texmf-dist/fonts/type1/public/amsfonts/cm/cmbx10.pfb
></usr/local/texlive/2018/texmf-dist/fonts/type1/public/amsfonts/cm/cmbx9.pfb><
/usr/local/texlive/2018/texmf-dist/fonts/type1/public/amsfonts/cm/cmcsc10.pfb><
/usr/local/texlive/2018/texmf-dist/fonts/type1/public/amsfonts/cm/cmex10.pfb></
usr/local/texlive/2018/texmf-dist/fonts/type1/public/amsfonts/cm/cmitt10.pfb></
usr/local/texlive/2018/texmf-dist/fonts/type1/public/amsfonts/cm/cmmi10.pfb></u
sr/local/texlive/2018/texmf-dist/fonts/type1/public/amsfonts/cm/cmmi8.pfb></usr
/local/texlive/2018/texmf-dist/fonts/type1/public/amsfonts/cm/cmr10.pfb></usr/l
ocal/texlive/2018/texmf-dist/fonts/type1/public/amsfonts/cm/cmr12.pfb></usr/loc
al/texlive/2018/texmf-dist/fonts/type1/public/amsfonts/cm/cmr17.pfb></usr/local
/texlive/2018/texmf-dist/fonts/type1/public/amsfonts/cm/cmr6.pfb></usr/local/te
xlive/2018/texmf-dist/fonts/type1/public/amsfonts/cm/cmr8.pfb></usr/local/texli
ve/2018/texmf-dist/fonts/type1/public/amsfonts/cm/cmr9.pfb></usr/local/texlive/
2018/texmf-dist/fonts/type1/public/amsfonts/cm/cmss10.pfb></usr/local/texlive/2
018/texmf-dist/fonts/type1/public/amsfonts/cm/cmss12.pfb></usr/local/texlive/20
18/texmf-dist/fonts/type1/public/amsfonts/cm/cmsy10.pfb></usr/local/texlive/201
8/texmf-dist/fonts/type1/public/amsfonts/cm/cmsy6.pfb></usr/local/texlive/2018/
texmf-dist/fonts/type1/public/amsfonts/cm/cmsy8.pfb></usr/local/texlive/2018/te
xmf-dist/fonts/type1/public/amsfonts/cm/cmti10.pfb></usr/local/texlive/2018/tex
mf-dist/fonts/type1/public/amsfonts/cm/cmti9.pfb></usr/local/texlive/2018/texmf
-dist/fonts/type1/public/amsfonts/cm/cmtt10.pfb></usr/local/texlive/2018/texmf-
dist/fonts/type1/public/amsfonts/cm/cmtt8.pfb></usr/local/texlive/2018/texmf-di
st/fonts/type1/public/amsfonts/cm/cmtt9.pfb></usr/local/texlive/2018/texmf-dist
/fonts/type1/public/amsfonts/cm/cmu10.pfb></usr/local/texlive/2018/texmf-dist/f
onts/type1/public/amsfonts/symbols/msam10.pfb>
Output written on main.pdf (62 pages, 2304599 bytes).
PDF statistics:
 1562 PDF objects out of 1728 (max. 8388607)
 1381 compressed objects within 14 object streams
 300 named destinations out of 1000 (max. 500000)
 851 words of extra memory for PDF output out of 10000 (max. 10000000)

